29/09/21 15:36:54 INFO  BasicHook:20 - ------ Starting -----The client search by "crowdar"-----
29/09/21 15:37:03 INFO  BasicHook:25 - ------ Ending -----The client search by "crowdar"-----
29/09/21 15:37:04 INFO  BasicHook:20 - ------ Starting -----The client search by "automation"-----
29/09/21 15:37:11 INFO  BasicHook:25 - ------ Ending -----The client search by "automation"-----
29/09/21 15:37:12 INFO  BasicHook:20 - ------ Starting -----The client search by "docker"-----
29/09/21 15:37:18 INFO  BasicHook:25 - ------ Ending -----The client search by "docker"-----
29/09/21 15:37:18 INFO  BasicHook:20 - ------ Starting -----The client search by "vagrant"-----
29/09/21 15:37:23 INFO  BasicHook:25 - ------ Ending -----The client search by "vagrant"-----
29/09/21 15:39:22 INFO  BasicHook:20 - ------ Starting -----The client search by "crowdar"-----
29/09/21 15:39:30 INFO  BasicHook:25 - ------ Ending -----The client search by "crowdar"-----
29/09/21 15:39:31 INFO  BasicHook:20 - ------ Starting -----The client search by "automation"-----
29/09/21 15:39:37 INFO  BasicHook:25 - ------ Ending -----The client search by "automation"-----
29/09/21 15:39:37 INFO  BasicHook:20 - ------ Starting -----The client search by "docker"-----
29/09/21 15:39:43 INFO  BasicHook:25 - ------ Ending -----The client search by "docker"-----
29/09/21 15:39:43 INFO  BasicHook:20 - ------ Starting -----The client search by "lippia"-----
29/09/21 15:39:49 INFO  BasicHook:25 - ------ Ending -----The client search by "lippia"-----
29/09/21 15:41:11 INFO  BasicHook:20 - ------ Starting -----The client search by "crowdar"-----
29/09/21 15:41:19 INFO  BasicHook:25 - ------ Ending -----The client search by "crowdar"-----
29/09/21 15:41:19 INFO  BasicHook:20 - ------ Starting -----The client search by "Automation"-----
29/09/21 15:41:26 INFO  BasicHook:25 - ------ Ending -----The client search by "Automation"-----
29/09/21 15:41:27 INFO  BasicHook:20 - ------ Starting -----The client search by "Docker"-----
29/09/21 15:41:34 INFO  BasicHook:25 - ------ Ending -----The client search by "Docker"-----
29/09/21 15:41:35 INFO  BasicHook:20 - ------ Starting -----The client search by "Lippia"-----
29/09/21 15:41:43 INFO  BasicHook:25 - ------ Ending -----The client search by "Lippia"-----
29/09/21 16:14:49 INFO  BasicHook:20 - ------ Starting -----The client search by "crowdar"-----
29/09/21 16:14:49 INFO  BasicHook:20 - ------ Starting -----The client search by "A utomation"-----
29/09/21 16:14:49 INFO  BasicHook:20 - ------ Starting -----The client search by "Docker"-----
29/09/21 16:14:49 INFO  BasicHook:20 - ------ Starting -----The client search by "Lippia"-----
29/09/21 16:16:05 INFO  BasicHook:20 - ------ Starting -----The client search by "crowdar"-----
29/09/21 16:16:13 INFO  BasicHook:25 - ------ Ending -----The client search by "crowdar"-----
29/09/21 16:16:14 INFO  BasicHook:20 - ------ Starting -----The client search by "A utomation"-----
29/09/21 16:16:20 INFO  BasicHook:25 - ------ Ending -----The client search by "A utomation"-----
29/09/21 16:16:20 INFO  BasicHook:20 - ------ Starting -----The client search by "Docker"-----
29/09/21 16:16:26 INFO  BasicHook:25 - ------ Ending -----The client search by "Docker"-----
29/09/21 16:16:27 INFO  BasicHook:20 - ------ Starting -----The client search by "Lippia"-----
29/09/21 16:16:33 INFO  BasicHook:25 - ------ Ending -----The client search by "Lippia"-----
